0 info it worked if it ends with ok
1 verbose cli [
1 verbose cli   '/home/mirza/node_modules/node/bin/node',
1 verbose cli   '/home/mirza/node_modules/.bin/npm',
1 verbose cli   'start'
1 verbose cli ]
2 info using npm@2.15.12
3 info using node@v25.5.0
4 verbose run-script [ 'prestart', 'start', 'poststart' ]
5 info prestart isp-dashboard@2.0.0
6 info start isp-dashboard@2.0.0
7 verbose unsafe-perm in lifecycle true
8 info isp-dashboard@2.0.0 Failed to exec start script
9 verbose stack Error: isp-dashboard@2.0.0 start: `node index.js`
9 verbose stack Exit status 1
9 verbose stack     at EventEmitter.<anonymous> (/home/mirza/node_modules/npm/lib/utils/lifecycle.js:217:16)
9 verbose stack     at EventEmitter.emit (node:events:508:20)
9 verbose stack     at ChildProcess.<anonymous> (/home/mirza/node_modules/npm/lib/utils/spawn.js:24:14)
9 verbose stack     at ChildProcess.emit (node:events:508:20)
9 verbose stack     at maybeClose (node:internal/child_process:1084:16)
9 verbose stack     at ChildProcess._handle.onexit (node:internal/child_process:304:5)
10 verbose pkgid isp-dashboard@2.0.0
11 verbose cwd /home/mirza/cline/ISP-DASHBOARD/backend
12 error Linux 6.14.0-37-generic
13 error argv "/home/mirza/node_modules/node/bin/node" "/home/mirza/node_modules/.bin/npm" "start"
14 error node v25.5.0
15 error npm  v2.15.12
16 error code ELIFECYCLE
17 error isp-dashboard@2.0.0 start: `node index.js`
17 error Exit status 1
18 error Failed at the isp-dashboard@2.0.0 start script 'node index.js'.
18 error This is most likely a problem with the isp-dashboard package,
18 error not with npm itself.
18 error Tell the author that this fails on your system:
18 error     node index.js
18 error You can get information on how to open an issue for this project with:
18 error     npm bugs isp-dashboard
18 error Or if that isn't available, you can get their info via:
18 error
18 error     npm owner ls isp-dashboard
18 error There is likely additional logging output above.
19 verbose exit [ 1, true ]
